<?xml version="1.0" encoding="utf-8"?><testsuites name="pytest tests"><testsuite name="pytest" errors="0" failures="0" skipped="0" tests="5" time="21.505" timestamp="2026-04-29T20:13:21.702761+00:00" hostname="agent-env-6681e683-12e2-44a6-99f4-709a6a651e45"><testcase classname="backend.tests.test_products_analysis.TestProductValidation" name="test_analyze_missing_inputs_returns_400" time="0.822" /><testcase classname="backend.tests.test_products_analysis.TestProductValidation" name="test_analyze_unauthenticated" time="0.191" /><testcase classname="backend.tests.test_products_analysis.TestProductAnalysisFlow" name="test_analyze_text_only_returns_full_structure" time="19.278" /><testcase classname="backend.tests.test_products_analysis.TestProductAnalysisFlow" name="test_list_products_returns_persisted_analysis" time="0.217" /><testcase classname="backend.tests.test_products_analysis.TestProductAnalysisFlow" name="test_delete_product" time="0.870" /></testsuite></testsuites>