<?xml version="1.0" encoding="utf-8"?><testsuites name="pytest tests"><testsuite name="pytest" errors="0" failures="0" skipped="0" tests="13" time="49.141" timestamp="2026-04-29T13:35:25.817218+00:00" hostname="agent-env-6681e683-12e2-44a6-99f4-709a6a651e45"><testcase classname="backend.tests.test_skincare_api" name="test_root" time="0.276" /><testcase classname="backend.tests.test_skincare_api" name="test_login_demo" time="0.273" /><testcase classname="backend.tests.test_skincare_api" name="test_login_wrong_password" time="0.265" /><testcase classname="backend.tests.test_skincare_api" name="test_signup_and_me" time="0.324" /><testcase classname="backend.tests.test_skincare_api" name="test_auth_me_no_token" time="0.047" /><testcase classname="backend.tests.test_skincare_api" name="test_profile_save_and_get" time="0.371" /><testcase classname="backend.tests.test_skincare_api" name="test_routines_generate_and_get" time="41.740" /><testcase classname="backend.tests.test_skincare_api" name="test_routines_generate_no_profile" time="0.314" /><testcase classname="backend.tests.test_skincare_api" name="test_tracking_toggle_and_today" time="0.153" /><testcase classname="backend.tests.test_skincare_api" name="test_journal_crud" time="0.155" /><testcase classname="backend.tests.test_skincare_api" name="test_seasonal_tips" time="0.045" /><testcase classname="backend.tests.test_skincare_api" name="test_skin_analyze" time="4.960" /><testcase classname="backend.tests.test_skincare_api" name="test_skin_analyze_no_image" time="0.045" /></testsuite></testsuites>